/root/telegram-bot-project/venv/lib64/python3.8/site-packages/telegram/ext/_applicationbuilder.py:292: PTBUserWarning: `Application` instances should be built via the `ApplicationBuilder`.
  ] = DefaultValue.get_value(  # pylint: disable=not-callable
INFO:root:Starting khidmati_fixed bot
INFO:telegram.ext._application:Application started
ERROR:telegram.ext._updater:Error while getting Updates: Conflict: terminated by other getUpdates request; make sure that only one bot instance is running
ERROR:telegram.ext._application:No error handlers are registered, logging exception.
Traceback (most recent call last):
  File "/root/telegram-bot-project/venv/lib64/python3.8/site-packages/telegram/ext/_updater.py", line 600, in _network_loop_retry
    if not await action_cb():
  File "/root/telegram-bot-project/venv/lib64/python3.8/site-packages/telegram/ext/_updater.py", line 327, in polling_action_cb
    raise exc
  File "/root/telegram-bot-project/venv/lib64/python3.8/site-packages/telegram/ext/_updater.py", line 312, in polling_action_cb
    updates = await self.bot.get_updates(
  File "/root/telegram-bot-project/venv/lib64/python3.8/site-packages/telegram/ext/_extbot.py", line 524, in get_updates
    updates = await super().get_updates(
  File "/root/telegram-bot-project/venv/lib64/python3.8/site-packages/telegram/_bot.py", line 334, in decorator
    result = await func(*args, **kwargs)  # skipcq: PYL-E1102
  File "/root/telegram-bot-project/venv/lib64/python3.8/site-packages/telegram/_bot.py", line 3584, in get_updates
    await self._post(
  File "/root/telegram-bot-project/venv/lib64/python3.8/site-packages/telegram/_bot.py", line 422, in _post
    return await self._do_post(
  File "/root/telegram-bot-project/venv/lib64/python3.8/site-packages/telegram/ext/_extbot.py", line 306, in _do_post
    return await super()._do_post(
  File "/root/telegram-bot-project/venv/lib64/python3.8/site-packages/telegram/_bot.py", line 453, in _do_post
    return await request.post(
  File "/root/telegram-bot-project/venv/lib64/python3.8/site-packages/telegram/request/_baserequest.py", line 165, in post
    result = await self._request_wrapper(
  File "/root/telegram-bot-project/venv/lib64/python3.8/site-packages/telegram/request/_baserequest.py", line 330, in _request_wrapper
    raise Conflict(message)
telegram.error.Conflict: Conflict: terminated by other getUpdates request; make sure that only one bot instance is running
ERROR:telegram.ext._updater:Error while getting Updates: Conflict: terminated by other getUpdates request; make sure that only one bot instance is running
ERROR:telegram.ext._application:No error handlers are registered, logging exception.
Traceback (most recent call last):
  File "/root/telegram-bot-project/venv/lib64/python3.8/site-packages/telegram/ext/_updater.py", line 600, in _network_loop_retry
    if not await action_cb():
  File "/root/telegram-bot-project/venv/lib64/python3.8/site-packages/telegram/ext/_updater.py", line 327, in polling_action_cb
    raise exc
  File "/root/telegram-bot-project/venv/lib64/python3.8/site-packages/telegram/ext/_updater.py", line 312, in polling_action_cb
    updates = await self.bot.get_updates(
  File "/root/telegram-bot-project/venv/lib64/python3.8/site-packages/telegram/ext/_extbot.py", line 524, in get_updates
    updates = await super().get_updates(
  File "/root/telegram-bot-project/venv/lib64/python3.8/site-packages/telegram/_bot.py", line 334, in decorator
    result = await func(*args, **kwargs)  # skipcq: PYL-E1102
  File "/root/telegram-bot-project/venv/lib64/python3.8/site-packages/telegram/_bot.py", line 3584, in get_updates
    await self._post(
  File "/root/telegram-bot-project/venv/lib64/python3.8/site-packages/telegram/_bot.py", line 422, in _post
    return await self._do_post(
  File "/root/telegram-bot-project/venv/lib64/python3.8/site-packages/telegram/ext/_extbot.py", line 306, in _do_post
    return await super()._do_post(
  File "/root/telegram-bot-project/venv/lib64/python3.8/site-packages/telegram/_bot.py", line 453, in _do_post
    return await request.post(
  File "/root/telegram-bot-project/venv/lib64/python3.8/site-packages/telegram/request/_baserequest.py", line 165, in post
    result = await self._request_wrapper(
  File "/root/telegram-bot-project/venv/lib64/python3.8/site-packages/telegram/request/_baserequest.py", line 330, in _request_wrapper
    raise Conflict(message)
telegram.error.Conflict: Conflict: terminated by other getUpdates request; make sure that only one bot instance is running
ERROR:telegram.ext._updater:Error while getting Updates: Conflict: terminated by other getUpdates request; make sure that only one bot instance is running
ERROR:telegram.ext._application:No error handlers are registered, logging exception.
Traceback (most recent call last):
  File "/root/telegram-bot-project/venv/lib64/python3.8/site-packages/telegram/ext/_updater.py", line 600, in _network_loop_retry
    if not await action_cb():
  File "/root/telegram-bot-project/venv/lib64/python3.8/site-packages/telegram/ext/_updater.py", line 327, in polling_action_cb
    raise exc
  File "/root/telegram-bot-project/venv/lib64/python3.8/site-packages/telegram/ext/_updater.py", line 312, in polling_action_cb
    updates = await self.bot.get_updates(
  File "/root/telegram-bot-project/venv/lib64/python3.8/site-packages/telegram/ext/_extbot.py", line 524, in get_updates
    updates = await super().get_updates(
  File "/root/telegram-bot-project/venv/lib64/python3.8/site-packages/telegram/_bot.py", line 334, in decorator
    result = await func(*args, **kwargs)  # skipcq: PYL-E1102
  File "/root/telegram-bot-project/venv/lib64/python3.8/site-packages/telegram/_bot.py", line 3584, in get_updates
    await self._post(
  File "/root/telegram-bot-project/venv/lib64/python3.8/site-packages/telegram/_bot.py", line 422, in _post
    return await self._do_post(
  File "/root/telegram-bot-project/venv/lib64/python3.8/site-packages/telegram/ext/_extbot.py", line 306, in _do_post
    return await super()._do_post(
  File "/root/telegram-bot-project/venv/lib64/python3.8/site-packages/telegram/_bot.py", line 453, in _do_post
    return await request.post(
  File "/root/telegram-bot-project/venv/lib64/python3.8/site-packages/telegram/request/_baserequest.py", line 165, in post
    result = await self._request_wrapper(
  File "/root/telegram-bot-project/venv/lib64/python3.8/site-packages/telegram/request/_baserequest.py", line 330, in _request_wrapper
    raise Conflict(message)
telegram.error.Conflict: Conflict: terminated by other getUpdates request; make sure that only one bot instance is running
ERROR:telegram.ext._updater:Error while getting Updates: Conflict: terminated by other getUpdates request; make sure that only one bot instance is running
ERROR:telegram.ext._application:No error handlers are registered, logging exception.
Traceback (most recent call last):
  File "/root/telegram-bot-project/venv/lib64/python3.8/site-packages/telegram/ext/_updater.py", line 600, in _network_loop_retry
    if not await action_cb():
  File "/root/telegram-bot-project/venv/lib64/python3.8/site-packages/telegram/ext/_updater.py", line 327, in polling_action_cb
    raise exc
  File "/root/telegram-bot-project/venv/lib64/python3.8/site-packages/telegram/ext/_updater.py", line 312, in polling_action_cb
    updates = await self.bot.get_updates(
  File "/root/telegram-bot-project/venv/lib64/python3.8/site-packages/telegram/ext/_extbot.py", line 524, in get_updates
    updates = await super().get_updates(
  File "/root/telegram-bot-project/venv/lib64/python3.8/site-packages/telegram/_bot.py", line 334, in decorator
    result = await func(*args, **kwargs)  # skipcq: PYL-E1102
  File "/root/telegram-bot-project/venv/lib64/python3.8/site-packages/telegram/_bot.py", line 3584, in get_updates
    await self._post(
  File "/root/telegram-bot-project/venv/lib64/python3.8/site-packages/telegram/_bot.py", line 422, in _post
    return await self._do_post(
  File "/root/telegram-bot-project/venv/lib64/python3.8/site-packages/telegram/ext/_extbot.py", line 306, in _do_post
    return await super()._do_post(
  File "/root/telegram-bot-project/venv/lib64/python3.8/site-packages/telegram/_bot.py", line 453, in _do_post
    return await request.post(
  File "/root/telegram-bot-project/venv/lib64/python3.8/site-packages/telegram/request/_baserequest.py", line 165, in post
    result = await self._request_wrapper(
  File "/root/telegram-bot-project/venv/lib64/python3.8/site-packages/telegram/request/_baserequest.py", line 330, in _request_wrapper
    raise Conflict(message)
telegram.error.Conflict: Conflict: terminated by other getUpdates request; make sure that only one bot instance is running
ERROR:telegram.ext._updater:Error while getting Updates: Conflict: terminated by other getUpdates request; make sure that only one bot instance is running
ERROR:telegram.ext._application:No error handlers are registered, logging exception.
Traceback (most recent call last):
  File "/root/telegram-bot-project/venv/lib64/python3.8/site-packages/telegram/ext/_updater.py", line 600, in _network_loop_retry
    if not await action_cb():
  File "/root/telegram-bot-project/venv/lib64/python3.8/site-packages/telegram/ext/_updater.py", line 327, in polling_action_cb
    raise exc
  File "/root/telegram-bot-project/venv/lib64/python3.8/site-packages/telegram/ext/_updater.py", line 312, in polling_action_cb
    updates = await self.bot.get_updates(
  File "/root/telegram-bot-project/venv/lib64/python3.8/site-packages/telegram/ext/_extbot.py", line 524, in get_updates
    updates = await super().get_updates(
  File "/root/telegram-bot-project/venv/lib64/python3.8/site-packages/telegram/_bot.py", line 334, in decorator
    result = await func(*args, **kwargs)  # skipcq: PYL-E1102
  File "/root/telegram-bot-project/venv/lib64/python3.8/site-packages/telegram/_bot.py", line 3584, in get_updates
    await self._post(
  File "/root/telegram-bot-project/venv/lib64/python3.8/site-packages/telegram/_bot.py", line 422, in _post
    return await self._do_post(
  File "/root/telegram-bot-project/venv/lib64/python3.8/site-packages/telegram/ext/_extbot.py", line 306, in _do_post
    return await super()._do_post(
  File "/root/telegram-bot-project/venv/lib64/python3.8/site-packages/telegram/_bot.py", line 453, in _do_post
    return await request.post(
  File "/root/telegram-bot-project/venv/lib64/python3.8/site-packages/telegram/request/_baserequest.py", line 165, in post
    result = await self._request_wrapper(
  File "/root/telegram-bot-project/venv/lib64/python3.8/site-packages/telegram/request/_baserequest.py", line 330, in _request_wrapper
    raise Conflict(message)
telegram.error.Conflict: Conflict: terminated by other getUpdates request; make sure that only one bot instance is running
ERROR:telegram.ext._updater:Error while getting Updates: Conflict: terminated by other getUpdates request; make sure that only one bot instance is running
ERROR:telegram.ext._application:No error handlers are registered, logging exception.
Traceback (most recent call last):
  File "/root/telegram-bot-project/venv/lib64/python3.8/site-packages/telegram/ext/_updater.py", line 600, in _network_loop_retry
    if not await action_cb():
  File "/root/telegram-bot-project/venv/lib64/python3.8/site-packages/telegram/ext/_updater.py", line 327, in polling_action_cb
    raise exc
  File "/root/telegram-bot-project/venv/lib64/python3.8/site-packages/telegram/ext/_updater.py", line 312, in polling_action_cb
    updates = await self.bot.get_updates(
  File "/root/telegram-bot-project/venv/lib64/python3.8/site-packages/telegram/ext/_extbot.py", line 524, in get_updates
    updates = await super().get_updates(
  File "/root/telegram-bot-project/venv/lib64/python3.8/site-packages/telegram/_bot.py", line 334, in decorator
    result = await func(*args, **kwargs)  # skipcq: PYL-E1102
  File "/root/telegram-bot-project/venv/lib64/python3.8/site-packages/telegram/_bot.py", line 3584, in get_updates
    await self._post(
  File "/root/telegram-bot-project/venv/lib64/python3.8/site-packages/telegram/_bot.py", line 422, in _post
    return await self._do_post(
  File "/root/telegram-bot-project/venv/lib64/python3.8/site-packages/telegram/ext/_extbot.py", line 306, in _do_post
    return await super()._do_post(
  File "/root/telegram-bot-project/venv/lib64/python3.8/site-packages/telegram/_bot.py", line 453, in _do_post
    return await request.post(
  File "/root/telegram-bot-project/venv/lib64/python3.8/site-packages/telegram/request/_baserequest.py", line 165, in post
    result = await self._request_wrapper(
  File "/root/telegram-bot-project/venv/lib64/python3.8/site-packages/telegram/request/_baserequest.py", line 330, in _request_wrapper
    raise Conflict(message)
telegram.error.Conflict: Conflict: terminated by other getUpdates request; make sure that only one bot instance is running
INFO:telegram.ext._application:Application is stopping. This might take a moment.
INFO:telegram.ext._application:Application.stop() complete
